<?xml version="1.0" encoding="UTF-8"?>
<!-- Generated by org.testng.reporters.JUnitReportReporter -->
<testsuite skipped="0" hostname="auntor-HP-ProBook-450-G2" name="auntor.project.testCases.LoginModule.loginModuleTest" tests="1" failures="0" timestamp="2021-09-01T21:04:20 BDT" time="19.309" errors="0">
  <testcase name="loginToApp" time="19.309" classname="auntor.project.testCases.LoginModule.loginModuleTest"/>
  <system-out/>
</testsuite> <!-- auntor.project.testCases.LoginModule.loginModuleTest -->
